<?xml version="1.0" encoding="UTF-8"?>
<!-- Generated by org.testng.reporters.JUnitReportReporter -->
<testsuite skipped="0" hostname="MININT-609DME9" name="POM.com.FMHerndonSMJ.Cucumber.TestRunner" tests="1" failures="0" timestamp="21 Dec 2018 17:46:19 GMT" time="0.014" errors="0">
  <testcase name="feature" time="0.014" classname="POM.com.FMHerndonSMJ.Cucumber.TestRunner"/>
</testsuite> <!-- POM.com.FMHerndonSMJ.Cucumber.TestRunner -->
